<?xml version="1.0" encoding="UTF-8"?>
<testsuite name="com.ericsson.swgw.da.controller.ControllerApplicationTests" tests="1" skipped="0" failures="0" errors="0" timestamp="2023-02-08T05:01:01" hostname="node-10-120-10-102" time="0.555">
  <properties/>
  <testcase name="contextLoads()" classname="com.ericsson.swgw.da.controller.ControllerApplicationTests" time="0.555"/>
  <system-out><![CDATA[
  .   ____          _            __ _ _
 /\\ / ___'_ __ _ _(_)_ __  __ _ \ \ \ \
( ( )\___ | '_ | '_| | '_ \/ _` | \ \ \ \
 \\/  ___)| |_)| | | | | || (_| |  ) ) ) )
  '  |____| .__|_| |_|_| |_\__, | / / / /
 =========|_|==============|___/=/_/_/_/
 :: Spring Boot ::                (v2.7.3)

2023-02-08 06:00:59.873  INFO 19686 --- [    Test worker] c.e.s.d.c.ControllerApplicationTests     : Starting ControllerApplicationTests using Java 18.0.2 on node-10-120-10-102 with PID 19686 (started by eswgswg in /opt/app/swgwda/startup/projects/swgwda)
2023-02-08 06:00:59.888  INFO 19686 --- [    Test worker] c.e.s.d.c.ControllerApplicationTests     : No active profile set, falling back to 1 default profile: "default"
port :::::::::::::4444
2023-02-08 06:01:01.574  INFO 19686 --- [    Test worker] c.e.s.d.c.ControllerApplicationTests     : Started ControllerApplicationTests in 2.159 seconds (JVM running for 4.064)
]]></system-out>
  <system-err><![CDATA[]]></system-err>
</testsuite>
