<?xml version="1.0" encoding="UTF-8"?>
<testsuite xmlns:xsi="http://www.w3.org/2001/XMLSchema-instance" xsi:noNamespaceSchemaLocation="https://maven.apache.org/surefire/maven-surefire-plugin/xsd/surefire-test-report.xsd" name="com.ericsson.swgw.da.controller.TestControllerApplication" time="66.326" tests="11" errors="0" skipped="0" failures="1">
  <properties>
    <property name="awt.toolkit" value="sun.awt.X11.XToolkit"/>
    <property name="java.specification.version" value="11"/>
    <property name="sun.cpu.isalist" value=""/>
    <property name="sun.jnu.encoding" value="UTF-8"/>
    <property name="java.class.path" value="/opt/app/swgwda/startup/projects/eric-swgwda/target/test-classes:/opt/app/swgwda/startup/projects/eric-swgwda/target/classes:/home/eswgswg/.m2/repository/org/springframework/boot/spring-boot-starter-web/2.7.5/spring-boot-starter-web-2.7.5.jar:/home/eswgswg/.m2/repository/org/springframework/boot/spring-boot-starter/2.7.5/spring-boot-starter-2.7.5.jar:/home/eswgswg/.m2/repository/org/springframework/boot/spring-boot/2.7.5/spring-boot-2.7.5.jar:/home/eswgswg/.m2/repository/org/springframework/boot/spring-boot-autoconfigure/2.7.5/spring-boot-autoconfigure-2.7.5.jar:/home/eswgswg/.m2/repository/org/springframework/boot/spring-boot-starter-logging/2.7.5/spring-boot-starter-logging-2.7.5.jar:/home/eswgswg/.m2/repository/ch/qos/logback/logback-classic/1.2.11/logback-classic-1.2.11.jar:/home/eswgswg/.m2/repository/ch/qos/logback/logback-core/1.2.11/logback-core-1.2.11.jar:/home/eswgswg/.m2/repository/org/apache/logging/log4j/log4j-to-slf4j/2.17.2/log4j-to-slf4j-2.17.2.jar:/home/eswgswg/.m2/repository/org/slf4j/jul-to-slf4j/1.7.36/jul-to-slf4j-1.7.36.jar:/home/eswgswg/.m2/repository/jakarta/annotation/jakarta.annotation-api/1.3.5/jakarta.annotation-api-1.3.5.jar:/home/eswgswg/.m2/repository/org/yaml/snakeyaml/1.30/snakeyaml-1.30.jar:/home/eswgswg/.m2/repository/org/springframework/boot/spring-boot-starter-json/2.7.5/spring-boot-starter-json-2.7.5.jar:/home/eswgswg/.m2/repository/com/fasterxml/jackson/datatype/jackson-datatype-jdk8/2.13.4/jackson-datatype-jdk8-2.13.4.jar:/home/eswgswg/.m2/repository/com/fasterxml/jackson/datatype/jackson-datatype-jsr310/2.13.4/jackson-datatype-jsr310-2.13.4.jar:/home/eswgswg/.m2/repository/com/fasterxml/jackson/module/jackson-module-parameter-names/2.13.4/jackson-module-parameter-names-2.13.4.jar:/home/eswgswg/.m2/repository/org/springframework/boot/spring-boot-starter-tomcat/2.7.5/spring-boot-starter-tomcat-2.7.5.jar:/home/eswgswg/.m2/repository/org/apache/tomcat/embed/tomcat-embed-core/9.0.68/tomcat-embed-core-9.0.68.jar:/home/eswgswg/.m2/repository/org/apache/tomcat/embed/tomcat-embed-el/9.0.68/tomcat-embed-el-9.0.68.jar:/home/eswgswg/.m2/repository/org/apache/tomcat/embed/tomcat-embed-websocket/9.0.68/tomcat-embed-websocket-9.0.68.jar:/home/eswgswg/.m2/repository/org/springframework/spring-web/5.3.23/spring-web-5.3.23.jar:/home/eswgswg/.m2/repository/org/springframework/spring-webmvc/5.3.23/spring-webmvc-5.3.23.jar:/home/eswgswg/.m2/repository/org/springframework/spring-aop/5.3.23/spring-aop-5.3.23.jar:/home/eswgswg/.m2/repository/org/springframework/spring-expression/5.3.23/spring-expression-5.3.23.jar:/home/eswgswg/.m2/repository/org/springframework/boot/spring-boot-starter-test/2.7.5/spring-boot-starter-test-2.7.5.jar:/home/eswgswg/.m2/repository/org/springframework/boot/spring-boot-test/2.7.5/spring-boot-test-2.7.5.jar:/home/eswgswg/.m2/repository/org/springframework/boot/spring-boot-test-autoconfigure/2.7.5/spring-boot-test-autoconfigure-2.7.5.jar:/home/eswgswg/.m2/repository/com/jayway/jsonpath/json-path/2.7.0/json-path-2.7.0.jar:/home/eswgswg/.m2/repository/net/minidev/json-smart/2.4.8/json-smart-2.4.8.jar:/home/eswgswg/.m2/repository/net/minidev/accessors-smart/2.4.8/accessors-smart-2.4.8.jar:/home/eswgswg/.m2/repository/org/ow2/asm/asm/9.1/asm-9.1.jar:/home/eswgswg/.m2/repository/org/slf4j/slf4j-api/1.7.36/slf4j-api-1.7.36.jar:/home/eswgswg/.m2/repository/jakarta/xml/bind/jakarta.xml.bind-api/2.3.3/jakarta.xml.bind-api-2.3.3.jar:/home/eswgswg/.m2/repository/jakarta/activation/jakarta.activation-api/1.2.2/jakarta.activation-api-1.2.2.jar:/home/eswgswg/.m2/repository/org/assertj/assertj-core/3.22.0/assertj-core-3.22.0.jar:/home/eswgswg/.m2/repository/org/hamcrest/hamcrest/2.2/hamcrest-2.2.jar:/home/eswgswg/.m2/repository/org/junit/jupiter/junit-jupiter/5.8.2/junit-jupiter-5.8.2.jar:/home/eswgswg/.m2/repository/org/junit/jupiter/junit-jupiter-api/5.8.2/junit-jupiter-api-5.8.2.jar:/home/eswgswg/.m2/repository/org/opentest4j/opentest4j/1.2.0/opentest4j-1.2.0.jar:/home/eswgswg/.m2/repository/org/junit/platform/junit-platform-commons/1.8.2/junit-platform-commons-1.8.2.jar:/home/eswgswg/.m2/repository/org/apiguardian/apiguardian-api/1.1.2/apiguardian-api-1.1.2.jar:/home/eswgswg/.m2/repository/org/junit/jupiter/junit-jupiter-params/5.8.2/junit-jupiter-params-5.8.2.jar:/home/eswgswg/.m2/repository/org/junit/jupiter/junit-jupiter-engine/5.8.2/junit-jupiter-engine-5.8.2.jar:/home/eswgswg/.m2/repository/org/junit/platform/junit-platform-engine/1.8.2/junit-platform-engine-1.8.2.jar:/home/eswgswg/.m2/repository/org/mockito/mockito-core/4.5.1/mockito-core-4.5.1.jar:/home/eswgswg/.m2/repository/net/bytebuddy/byte-buddy/1.12.18/byte-buddy-1.12.18.jar:/home/eswgswg/.m2/repository/net/bytebuddy/byte-buddy-agent/1.12.18/byte-buddy-agent-1.12.18.jar:/home/eswgswg/.m2/repository/org/objenesis/objenesis/3.2/objenesis-3.2.jar:/home/eswgswg/.m2/repository/org/mockito/mockito-junit-jupiter/4.5.1/mockito-junit-jupiter-4.5.1.jar:/home/eswgswg/.m2/repository/org/skyscreamer/jsonassert/1.5.1/jsonassert-1.5.1.jar:/home/eswgswg/.m2/repository/com/vaadin/external/google/android-json/0.0.20131108.vaadin1/android-json-0.0.20131108.vaadin1.jar:/home/eswgswg/.m2/repository/org/springframework/spring-core/5.3.23/spring-core-5.3.23.jar:/home/eswgswg/.m2/repository/org/springframework/spring-jcl/5.3.23/spring-jcl-5.3.23.jar:/home/eswgswg/.m2/repository/org/springframework/spring-test/5.3.23/spring-test-5.3.23.jar:/home/eswgswg/.m2/repository/org/xmlunit/xmlunit-core/2.9.0/xmlunit-core-2.9.0.jar:/home/eswgswg/.m2/repository/org/apache/logging/log4j/log4j-core/2.18.0/log4j-core-2.18.0.jar:/home/eswgswg/.m2/repository/org/apache/logging/log4j/log4j-api/2.18.0/log4j-api-2.18.0.jar:/home/eswgswg/.m2/repository/org/apache/httpcomponents/httpclient/4.4.1/httpclient-4.4.1.jar:/home/eswgswg/.m2/repository/org/apache/httpcomponents/httpcore/4.4.15/httpcore-4.4.15.jar:/home/eswgswg/.m2/repository/commons-codec/commons-codec/1.15/commons-codec-1.15.jar:/home/eswgswg/.m2/repository/org/apache/httpcomponents/httpmime/4.3.6/httpmime-4.3.6.jar:/home/eswgswg/.m2/repository/io/minio/minio/8.4.5/minio-8.4.5.jar:/home/eswgswg/.m2/repository/com/carrotsearch/thirdparty/simple-xml-safe/2.7.1/simple-xml-safe-2.7.1.jar:/home/eswgswg/.m2/repository/com/google/guava/guava/30.1.1-jre/guava-30.1.1-jre.jar:/home/eswgswg/.m2/repository/com/google/guava/failureaccess/1.0.1/failureaccess-1.0.1.jar:/home/eswgswg/.m2/repository/com/google/guava/listenablefuture/9999.0-empty-to-avoid-conflict-with-guava/listenablefuture-9999.0-empty-to-avoid-conflict-with-guava.jar:/home/eswgswg/.m2/repository/org/checkerframework/checker-qual/3.8.0/checker-qual-3.8.0.jar:/home/eswgswg/.m2/repository/com/google/errorprone/error_prone_annotations/2.5.1/error_prone_annotations-2.5.1.jar:/home/eswgswg/.m2/repository/com/google/j2objc/j2objc-annotations/1.3/j2objc-annotations-1.3.jar:/home/eswgswg/.m2/repository/com/squareup/okhttp3/okhttp/4.9.3/okhttp-4.9.3.jar:/home/eswgswg/.m2/repository/com/squareup/okio/okio/2.8.0/okio-2.8.0.jar:/home/eswgswg/.m2/repository/org/jetbrains/kotlin/kotlin-stdlib-common/1.6.21/kotlin-stdlib-common-1.6.21.jar:/home/eswgswg/.m2/repository/org/jetbrains/kotlin/kotlin-stdlib/1.6.21/kotlin-stdlib-1.6.21.jar:/home/eswgswg/.m2/repository/org/jetbrains/annotations/13.0/annotations-13.0.jar:/home/eswgswg/.m2/repository/com/fasterxml/jackson/core/jackson-annotations/2.13.4/jackson-annotations-2.13.4.jar:/home/eswgswg/.m2/repository/com/fasterxml/jackson/core/jackson-core/2.13.4/jackson-core-2.13.4.jar:/home/eswgswg/.m2/repository/com/fasterxml/jackson/core/jackson-databind/2.13.4.2/jackson-databind-2.13.4.2.jar:/home/eswgswg/.m2/repository/org/bouncycastle/bcprov-jdk15on/1.69/bcprov-jdk15on-1.69.jar:/home/eswgswg/.m2/repository/org/apache/commons/commons-compress/1.21/commons-compress-1.21.jar:/home/eswgswg/.m2/repository/org/xerial/snappy/snappy-java/1.1.8.4/snappy-java-1.1.8.4.jar:/home/eswgswg/.m2/repository/org/codehaus/jettison/jettison/1.4.0/jettison-1.4.0.jar:/home/eswgswg/.m2/repository/javax/xml/bind/jaxb-api/2.3.1/jaxb-api-2.3.1.jar:/home/eswgswg/.m2/repository/javax/activation/javax.activation-api/1.2.0/javax.activation-api-1.2.0.jar:/home/eswgswg/.m2/repository/org/glassfish/jaxb/jaxb-runtime/2.3.1/jaxb-runtime-2.3.1.jar:/home/eswgswg/.m2/repository/org/glassfish/jaxb/txw2/2.3.7/txw2-2.3.7.jar:/home/eswgswg/.m2/repository/com/sun/istack/istack-commons-runtime/3.0.7/istack-commons-runtime-3.0.7.jar:/home/eswgswg/.m2/repository/org/jvnet/staxex/stax-ex/1.8/stax-ex-1.8.jar:/home/eswgswg/.m2/repository/com/sun/xml/fastinfoset/FastInfoset/1.2.15/FastInfoset-1.2.15.jar:/home/eswgswg/.m2/repository/javax/activation/activation/1.1/activation-1.1.jar:/home/eswgswg/.m2/repository/com/jcraft/jsch/0.1.55/jsch-0.1.55.jar:/home/eswgswg/.m2/repository/org/ini4j/ini4j/0.5.4/ini4j-0.5.4.jar:/home/eswgswg/.m2/repository/com/bettercloud/vault-java-driver/5.1.0/vault-java-driver-5.1.0.jar:/home/eswgswg/.m2/repository/org/springframework/vault/spring-vault-core/2.3.2/spring-vault-core-2.3.2.jar:/home/eswgswg/.m2/repository/org/springframework/spring-context/5.3.23/spring-context-5.3.23.jar:/home/eswgswg/.m2/repository/org/springframework/spring-beans/5.3.23/spring-beans-5.3.23.jar:/home/eswgswg/.m2/repository/org/apache/derby/derby/10.14.2.0/derby-10.14.2.0.jar:/opt/app/swgwda/startup/projects/eric-swgwda/baseline/lib/compile/jacksum-1.0.jar:/home/eswgswg/.m2/repository/commons-net/commons-net/3.8.0/commons-net-3.8.0.jar:/home/eswgswg/.m2/repository/com/fasterxml/jackson/dataformat/jackson-dataformat-xml/2.9.4/jackson-dataformat-xml-2.9.4.jar:/home/eswgswg/.m2/repository/com/fasterxml/jackson/module/jackson-module-jaxb-annotations/2.13.4/jackson-module-jaxb-annotations-2.13.4.jar:/home/eswgswg/.m2/repository/org/codehaus/woodstox/stax2-api/3.1.4/stax2-api-3.1.4.jar:/home/eswgswg/.m2/repository/com/fasterxml/woodstox/woodstox-core/5.0.3/woodstox-core-5.0.3.jar:/home/eswgswg/.m2/repository/org/sonarsource/scanner/maven/sonar-maven-plugin/3.2/sonar-maven-plugin-3.2.jar:/home/eswgswg/.m2/repository/org/apache/maven/shared/maven-dependency-tree/2.2/maven-dependency-tree-2.2.jar:/home/eswgswg/.m2/repository/org/codehaus/plexus/plexus-component-annotations/1.5.5/plexus-component-annotations-1.5.5.jar:/home/eswgswg/.m2/repository/org/eclipse/aether/aether-util/0.9.0.M2/aether-util-0.9.0.M2.jar:/home/eswgswg/.m2/repository/org/sonatype/plexus/plexus-sec-dispatcher/1.4/plexus-sec-dispatcher-1.4.jar:/home/eswgswg/.m2/repository/org/sonatype/plexus/plexus-cipher/1.4/plexus-cipher-1.4.jar:/home/eswgswg/.m2/repository/org/codehaus/plexus/plexus-utils/3.0.22/plexus-utils-3.0.22.jar:/home/eswgswg/.m2/repository/org/sonarsource/scanner/api/sonar-scanner-api/2.8/sonar-scanner-api-2.8.jar:/home/eswgswg/.m2/repository/commons-lang/commons-lang/2.6/commons-lang-2.6.jar:/home/eswgswg/.m2/repository/com/google/code/findbugs/jsr305/2.0.3/jsr305-2.0.3.jar:"/>
    <property name="java.vm.vendor" value="Red Hat, Inc."/>
    <property name="sun.arch.data.model" value="64"/>
    <property name="java.vendor.url" value="https://www.redhat.com/"/>
    <property name="user.timezone" value=""/>
    <property name="java.vm.specification.version" value="11"/>
    <property name="os.name" value="Linux"/>
    <property name="sun.java.launcher" value="SUN_STANDARD"/>
    <property name="user.country" value="US"/>
    <property name="sun.boot.library.path" value="/usr/lib/jvm/java-11-openjdk-11.0.18.0.10-1.el7_9.x86_64/lib"/>
    <property name="sun.java.command" value="/opt/app/swgwda/startup/projects/eric-swgwda/target/surefire/surefirebooter7269536005478640928.jar /opt/app/swgwda/startup/projects/eric-swgwda/target/surefire 2023-02-27T15-24-17_084-jvmRun1 surefire9351992617435307337tmp surefire_02541891616061755259tmp"/>
    <property name="jdk.debug" value="release"/>
    <property name="surefire.test.class.path" value="/opt/app/swgwda/startup/projects/eric-swgwda/target/test-classes:/opt/app/swgwda/startup/projects/eric-swgwda/target/classes:/home/eswgswg/.m2/repository/org/springframework/boot/spring-boot-starter-web/2.7.5/spring-boot-starter-web-2.7.5.jar:/home/eswgswg/.m2/repository/org/springframework/boot/spring-boot-starter/2.7.5/spring-boot-starter-2.7.5.jar:/home/eswgswg/.m2/repository/org/springframework/boot/spring-boot/2.7.5/spring-boot-2.7.5.jar:/home/eswgswg/.m2/repository/org/springframework/boot/spring-boot-autoconfigure/2.7.5/spring-boot-autoconfigure-2.7.5.jar:/home/eswgswg/.m2/repository/org/springframework/boot/spring-boot-starter-logging/2.7.5/spring-boot-starter-logging-2.7.5.jar:/home/eswgswg/.m2/repository/ch/qos/logback/logback-classic/1.2.11/logback-classic-1.2.11.jar:/home/eswgswg/.m2/repository/ch/qos/logback/logback-core/1.2.11/logback-core-1.2.11.jar:/home/eswgswg/.m2/repository/org/apache/logging/log4j/log4j-to-slf4j/2.17.2/log4j-to-slf4j-2.17.2.jar:/home/eswgswg/.m2/repository/org/slf4j/jul-to-slf4j/1.7.36/jul-to-slf4j-1.7.36.jar:/home/eswgswg/.m2/repository/jakarta/annotation/jakarta.annotation-api/1.3.5/jakarta.annotation-api-1.3.5.jar:/home/eswgswg/.m2/repository/org/yaml/snakeyaml/1.30/snakeyaml-1.30.jar:/home/eswgswg/.m2/repository/org/springframework/boot/spring-boot-starter-json/2.7.5/spring-boot-starter-json-2.7.5.jar:/home/eswgswg/.m2/repository/com/fasterxml/jackson/datatype/jackson-datatype-jdk8/2.13.4/jackson-datatype-jdk8-2.13.4.jar:/home/eswgswg/.m2/repository/com/fasterxml/jackson/datatype/jackson-datatype-jsr310/2.13.4/jackson-datatype-jsr310-2.13.4.jar:/home/eswgswg/.m2/repository/com/fasterxml/jackson/module/jackson-module-parameter-names/2.13.4/jackson-module-parameter-names-2.13.4.jar:/home/eswgswg/.m2/repository/org/springframework/boot/spring-boot-starter-tomcat/2.7.5/spring-boot-starter-tomcat-2.7.5.jar:/home/eswgswg/.m2/repository/org/apache/tomcat/embed/tomcat-embed-core/9.0.68/tomcat-embed-core-9.0.68.jar:/home/eswgswg/.m2/repository/org/apache/tomcat/embed/tomcat-embed-el/9.0.68/tomcat-embed-el-9.0.68.jar:/home/eswgswg/.m2/repository/org/apache/tomcat/embed/tomcat-embed-websocket/9.0.68/tomcat-embed-websocket-9.0.68.jar:/home/eswgswg/.m2/repository/org/springframework/spring-web/5.3.23/spring-web-5.3.23.jar:/home/eswgswg/.m2/repository/org/springframework/spring-webmvc/5.3.23/spring-webmvc-5.3.23.jar:/home/eswgswg/.m2/repository/org/springframework/spring-aop/5.3.23/spring-aop-5.3.23.jar:/home/eswgswg/.m2/repository/org/springframework/spring-expression/5.3.23/spring-expression-5.3.23.jar:/home/eswgswg/.m2/repository/org/springframework/boot/spring-boot-starter-test/2.7.5/spring-boot-starter-test-2.7.5.jar:/home/eswgswg/.m2/repository/org/springframework/boot/spring-boot-test/2.7.5/spring-boot-test-2.7.5.jar:/home/eswgswg/.m2/repository/org/springframework/boot/spring-boot-test-autoconfigure/2.7.5/spring-boot-test-autoconfigure-2.7.5.jar:/home/eswgswg/.m2/repository/com/jayway/jsonpath/json-path/2.7.0/json-path-2.7.0.jar:/home/eswgswg/.m2/repository/net/minidev/json-smart/2.4.8/json-smart-2.4.8.jar:/home/eswgswg/.m2/repository/net/minidev/accessors-smart/2.4.8/accessors-smart-2.4.8.jar:/home/eswgswg/.m2/repository/org/ow2/asm/asm/9.1/asm-9.1.jar:/home/eswgswg/.m2/repository/org/slf4j/slf4j-api/1.7.36/slf4j-api-1.7.36.jar:/home/eswgswg/.m2/repository/jakarta/xml/bind/jakarta.xml.bind-api/2.3.3/jakarta.xml.bind-api-2.3.3.jar:/home/eswgswg/.m2/repository/jakarta/activation/jakarta.activation-api/1.2.2/jakarta.activation-api-1.2.2.jar:/home/eswgswg/.m2/repository/org/assertj/assertj-core/3.22.0/assertj-core-3.22.0.jar:/home/eswgswg/.m2/repository/org/hamcrest/hamcrest/2.2/hamcrest-2.2.jar:/home/eswgswg/.m2/repository/org/junit/jupiter/junit-jupiter/5.8.2/junit-jupiter-5.8.2.jar:/home/eswgswg/.m2/repository/org/junit/jupiter/junit-jupiter-api/5.8.2/junit-jupiter-api-5.8.2.jar:/home/eswgswg/.m2/repository/org/opentest4j/opentest4j/1.2.0/opentest4j-1.2.0.jar:/home/eswgswg/.m2/repository/org/junit/platform/junit-platform-commons/1.8.2/junit-platform-commons-1.8.2.jar:/home/eswgswg/.m2/repository/org/apiguardian/apiguardian-api/1.1.2/apiguardian-api-1.1.2.jar:/home/eswgswg/.m2/repository/org/junit/jupiter/junit-jupiter-params/5.8.2/junit-jupiter-params-5.8.2.jar:/home/eswgswg/.m2/repository/org/junit/jupiter/junit-jupiter-engine/5.8.2/junit-jupiter-engine-5.8.2.jar:/home/eswgswg/.m2/repository/org/junit/platform/junit-platform-engine/1.8.2/junit-platform-engine-1.8.2.jar:/home/eswgswg/.m2/repository/org/mockito/mockito-core/4.5.1/mockito-core-4.5.1.jar:/home/eswgswg/.m2/repository/net/bytebuddy/byte-buddy/1.12.18/byte-buddy-1.12.18.jar:/home/eswgswg/.m2/repository/net/bytebuddy/byte-buddy-agent/1.12.18/byte-buddy-agent-1.12.18.jar:/home/eswgswg/.m2/repository/org/objenesis/objenesis/3.2/objenesis-3.2.jar:/home/eswgswg/.m2/repository/org/mockito/mockito-junit-jupiter/4.5.1/mockito-junit-jupiter-4.5.1.jar:/home/eswgswg/.m2/repository/org/skyscreamer/jsonassert/1.5.1/jsonassert-1.5.1.jar:/home/eswgswg/.m2/repository/com/vaadin/external/google/android-json/0.0.20131108.vaadin1/android-json-0.0.20131108.vaadin1.jar:/home/eswgswg/.m2/repository/org/springframework/spring-core/5.3.23/spring-core-5.3.23.jar:/home/eswgswg/.m2/repository/org/springframework/spring-jcl/5.3.23/spring-jcl-5.3.23.jar:/home/eswgswg/.m2/repository/org/springframework/spring-test/5.3.23/spring-test-5.3.23.jar:/home/eswgswg/.m2/repository/org/xmlunit/xmlunit-core/2.9.0/xmlunit-core-2.9.0.jar:/home/eswgswg/.m2/repository/org/apache/logging/log4j/log4j-core/2.18.0/log4j-core-2.18.0.jar:/home/eswgswg/.m2/repository/org/apache/logging/log4j/log4j-api/2.18.0/log4j-api-2.18.0.jar:/home/eswgswg/.m2/repository/org/apache/httpcomponents/httpclient/4.4.1/httpclient-4.4.1.jar:/home/eswgswg/.m2/repository/org/apache/httpcomponents/httpcore/4.4.15/httpcore-4.4.15.jar:/home/eswgswg/.m2/repository/commons-codec/commons-codec/1.15/commons-codec-1.15.jar:/home/eswgswg/.m2/repository/org/apache/httpcomponents/httpmime/4.3.6/httpmime-4.3.6.jar:/home/eswgswg/.m2/repository/io/minio/minio/8.4.5/minio-8.4.5.jar:/home/eswgswg/.m2/repository/com/carrotsearch/thirdparty/simple-xml-safe/2.7.1/simple-xml-safe-2.7.1.jar:/home/eswgswg/.m2/repository/com/google/guava/guava/30.1.1-jre/guava-30.1.1-jre.jar:/home/eswgswg/.m2/repository/com/google/guava/failureaccess/1.0.1/failureaccess-1.0.1.jar:/home/eswgswg/.m2/repository/com/google/guava/listenablefuture/9999.0-empty-to-avoid-conflict-with-guava/listenablefuture-9999.0-empty-to-avoid-conflict-with-guava.jar:/home/eswgswg/.m2/repository/org/checkerframework/checker-qual/3.8.0/checker-qual-3.8.0.jar:/home/eswgswg/.m2/repository/com/google/errorprone/error_prone_annotations/2.5.1/error_prone_annotations-2.5.1.jar:/home/eswgswg/.m2/repository/com/google/j2objc/j2objc-annotations/1.3/j2objc-annotations-1.3.jar:/home/eswgswg/.m2/repository/com/squareup/okhttp3/okhttp/4.9.3/okhttp-4.9.3.jar:/home/eswgswg/.m2/repository/com/squareup/okio/okio/2.8.0/okio-2.8.0.jar:/home/eswgswg/.m2/repository/org/jetbrains/kotlin/kotlin-stdlib-common/1.6.21/kotlin-stdlib-common-1.6.21.jar:/home/eswgswg/.m2/repository/org/jetbrains/kotlin/kotlin-stdlib/1.6.21/kotlin-stdlib-1.6.21.jar:/home/eswgswg/.m2/repository/org/jetbrains/annotations/13.0/annotations-13.0.jar:/home/eswgswg/.m2/repository/com/fasterxml/jackson/core/jackson-annotations/2.13.4/jackson-annotations-2.13.4.jar:/home/eswgswg/.m2/repository/com/fasterxml/jackson/core/jackson-core/2.13.4/jackson-core-2.13.4.jar:/home/eswgswg/.m2/repository/com/fasterxml/jackson/core/jackson-databind/2.13.4.2/jackson-databind-2.13.4.2.jar:/home/eswgswg/.m2/repository/org/bouncycastle/bcprov-jdk15on/1.69/bcprov-jdk15on-1.69.jar:/home/eswgswg/.m2/repository/org/apache/commons/commons-compress/1.21/commons-compress-1.21.jar:/home/eswgswg/.m2/repository/org/xerial/snappy/snappy-java/1.1.8.4/snappy-java-1.1.8.4.jar:/home/eswgswg/.m2/repository/org/codehaus/jettison/jettison/1.4.0/jettison-1.4.0.jar:/home/eswgswg/.m2/repository/javax/xml/bind/jaxb-api/2.3.1/jaxb-api-2.3.1.jar:/home/eswgswg/.m2/repository/javax/activation/javax.activation-api/1.2.0/javax.activation-api-1.2.0.jar:/home/eswgswg/.m2/repository/org/glassfish/jaxb/jaxb-runtime/2.3.1/jaxb-runtime-2.3.1.jar:/home/eswgswg/.m2/repository/org/glassfish/jaxb/txw2/2.3.7/txw2-2.3.7.jar:/home/eswgswg/.m2/repository/com/sun/istack/istack-commons-runtime/3.0.7/istack-commons-runtime-3.0.7.jar:/home/eswgswg/.m2/repository/org/jvnet/staxex/stax-ex/1.8/stax-ex-1.8.jar:/home/eswgswg/.m2/repository/com/sun/xml/fastinfoset/FastInfoset/1.2.15/FastInfoset-1.2.15.jar:/home/eswgswg/.m2/repository/javax/activation/activation/1.1/activation-1.1.jar:/home/eswgswg/.m2/repository/com/jcraft/jsch/0.1.55/jsch-0.1.55.jar:/home/eswgswg/.m2/repository/org/ini4j/ini4j/0.5.4/ini4j-0.5.4.jar:/home/eswgswg/.m2/repository/com/bettercloud/vault-java-driver/5.1.0/vault-java-driver-5.1.0.jar:/home/eswgswg/.m2/repository/org/springframework/vault/spring-vault-core/2.3.2/spring-vault-core-2.3.2.jar:/home/eswgswg/.m2/repository/org/springframework/spring-context/5.3.23/spring-context-5.3.23.jar:/home/eswgswg/.m2/repository/org/springframework/spring-beans/5.3.23/spring-beans-5.3.23.jar:/home/eswgswg/.m2/repository/org/apache/derby/derby/10.14.2.0/derby-10.14.2.0.jar:/opt/app/swgwda/startup/projects/eric-swgwda/baseline/lib/compile/jacksum-1.0.jar:/home/eswgswg/.m2/repository/commons-net/commons-net/3.8.0/commons-net-3.8.0.jar:/home/eswgswg/.m2/repository/com/fasterxml/jackson/dataformat/jackson-dataformat-xml/2.9.4/jackson-dataformat-xml-2.9.4.jar:/home/eswgswg/.m2/repository/com/fasterxml/jackson/module/jackson-module-jaxb-annotations/2.13.4/jackson-module-jaxb-annotations-2.13.4.jar:/home/eswgswg/.m2/repository/org/codehaus/woodstox/stax2-api/3.1.4/stax2-api-3.1.4.jar:/home/eswgswg/.m2/repository/com/fasterxml/woodstox/woodstox-core/5.0.3/woodstox-core-5.0.3.jar:/home/eswgswg/.m2/repository/org/sonarsource/scanner/maven/sonar-maven-plugin/3.2/sonar-maven-plugin-3.2.jar:/home/eswgswg/.m2/repository/org/apache/maven/shared/maven-dependency-tree/2.2/maven-dependency-tree-2.2.jar:/home/eswgswg/.m2/repository/org/codehaus/plexus/plexus-component-annotations/1.5.5/plexus-component-annotations-1.5.5.jar:/home/eswgswg/.m2/repository/org/eclipse/aether/aether-util/0.9.0.M2/aether-util-0.9.0.M2.jar:/home/eswgswg/.m2/repository/org/sonatype/plexus/plexus-sec-dispatcher/1.4/plexus-sec-dispatcher-1.4.jar:/home/eswgswg/.m2/repository/org/sonatype/plexus/plexus-cipher/1.4/plexus-cipher-1.4.jar:/home/eswgswg/.m2/repository/org/codehaus/plexus/plexus-utils/3.0.22/plexus-utils-3.0.22.jar:/home/eswgswg/.m2/repository/org/sonarsource/scanner/api/sonar-scanner-api/2.8/sonar-scanner-api-2.8.jar:/home/eswgswg/.m2/repository/commons-lang/commons-lang/2.6/commons-lang-2.6.jar:/home/eswgswg/.m2/repository/com/google/code/findbugs/jsr305/2.0.3/jsr305-2.0.3.jar:"/>
    <property name="sun.cpu.endian" value="little"/>
    <property name="user.home" value="/home/eswgswg"/>
    <property name="user.language" value="en"/>
    <property name="java.specification.vendor" value="Oracle Corporation"/>
    <property name="java.version.date" value="2023-01-17"/>
    <property name="java.home" value="/usr/lib/jvm/java-11-openjdk-11.0.18.0.10-1.el7_9.x86_64"/>
    <property name="file.separator" value="/"/>
    <property name="basedir" value="/opt/app/swgwda/startup/projects/eric-swgwda"/>
    <property name="java.vm.compressedOopsMode" value="Zero based"/>
    <property name="line.separator" value="&#10;"/>
    <property name="java.specification.name" value="Java Platform API Specification"/>
    <property name="java.vm.specification.vendor" value="Oracle Corporation"/>
    <property name="java.awt.graphicsenv" value="sun.awt.X11GraphicsEnvironment"/>
    <property name="surefire.real.class.path" value="/opt/app/swgwda/startup/projects/eric-swgwda/target/surefire/surefirebooter7269536005478640928.jar"/>
    <property name="sun.management.compiler" value="HotSpot 64-Bit Tiered Compilers"/>
    <property name="java.runtime.version" value="11.0.18+10-LTS"/>
    <property name="user.name" value="eswgswg"/>
    <property name="path.separator" value=":"/>
    <property name="os.version" value="3.10.0-1160.76.1.el7.x86_64"/>
    <property name="java.runtime.name" value="OpenJDK Runtime Environment"/>
    <property name="file.encoding" value="UTF-8"/>
    <property name="java.vm.name" value="OpenJDK 64-Bit Server VM"/>
    <property name="java.vendor.version" value="(Red_Hat-11.0.18.0.10-1.el7_9)"/>
    <property name="localRepository" value="/home/eswgswg/.m2/repository"/>
    <property name="java.vendor.url.bug" value="https://bugzilla.redhat.com/enter_bug.cgi?product=Red%20Hat%20Enterprise%20Linux%207&amp;component=java-11-openjdk"/>
    <property name="java.io.tmpdir" value="/tmp"/>
    <property name="java.version" value="11.0.18"/>
    <property name="user.dir" value="/opt/app/swgwda/startup/projects/eric-swgwda"/>
    <property name="os.arch" value="amd64"/>
    <property name="java.vm.specification.name" value="Java Virtual Machine Specification"/>
    <property name="java.awt.printerjob" value="sun.print.PSPrinterJob"/>
    <property name="sun.os.patch.level" value="unknown"/>
    <property name="java.library.path" value="/usr/java/packages/lib:/usr/lib64:/lib64:/lib:/usr/lib"/>
    <property name="java.vm.info" value="mixed mode, sharing"/>
    <property name="java.vendor" value="Red Hat, Inc."/>
    <property name="java.vm.version" value="11.0.18+10-LTS"/>
    <property name="sun.io.unicode.encoding" value="UnicodeLittle"/>
    <property name="java.class.version" value="55.0"/>
  </properties>
  <testcase name="testswgwAuthenticate" classname="com.ericsson.swgw.da.controller.TestControllerApplication" time="2.377"/>
  <testcase name="testMain" classname="com.ericsson.swgw.da.controller.TestControllerApplication" time="2.466"/>
  <testcase name="testSetConfigure" classname="com.ericsson.swgw.da.controller.TestControllerApplication" time="0.302"/>
  <testcase name="testGetConfig" classname="com.ericsson.swgw.da.controller.TestControllerApplication" time="0.018"/>
  <testcase name="testDBAuthenticate" classname="com.ericsson.swgw.da.controller.TestControllerApplication" time="0.201"/>
  <testcase name="testGetDistributionMode" classname="com.ericsson.swgw.da.controller.TestControllerApplication" time="0.017"/>
  <testcase name="testConfigureSecrects" classname="com.ericsson.swgw.da.controller.TestControllerApplication" time="0.015"/>
  <testcase name="testSwgwNotificationMode" classname="com.ericsson.swgw.da.controller.TestControllerApplication" time="0.014"/>
  <testcase name="createProduct_test" classname="com.ericsson.swgw.da.controller.TestControllerApplication" time="0.027">
    <failure message="Status expected:&lt;200&gt; but was:&lt;400&gt;" type="java.lang.AssertionError"><![CDATA[java.lang.AssertionError: Status expected:<200> but was:<400>
	at com.ericsson.swgw.da.controller.TestControllerApplication.createProduct_test(TestControllerApplication.java:297)
]]></failure>
    <system-out><![CDATA[2023-02-27 15:24:23.865  INFO 21601 --- [           main] o.s.mock.web.MockServletContext          : Initializing Spring TestDispatcherServlet ''
2023-02-27 15:24:23.866  INFO 21601 --- [           main] o.s.t.web.servlet.TestDispatcherServlet  : Initializing Servlet ''
2023-02-27 15:24:23.866  INFO 21601 --- [           main] o.s.t.web.servlet.TestDispatcherServlet  : Completed initialization in 0 ms
::::::::::Start of createProduct_test Methood::::::::::
:::::::::::{Ticket=T-145141, Products=[{Number=CXP2021196, Version=R13A, Checksum={SHA256=7c7ec0e254339d1b543d03110f5d889f14068e13f265ff48e19f276568c9bf60, MD5=793751d1c5c80b79114ca4bd2ad64791}, FunctionDesignation=SWGW - Test data1, ExternalAccess=No}], EUFTGroupName=EXPERICOM, TicketHeader=test for feb release, EUFT=963259}:::::::::::::::
:::::::::::::HIIIIIIIII::::::::::::::::::::::
2023-02-27 15:24:23.872  INFO 21601 --- [           main] c.ericsson.swgw.da.controller.Listener   : Received SWGW notification request, starting processing ...
iniFilePath................/opt/app/swgwda/startup/projects/eric-swgwda/configurations/template.ini
isFile................true
getDistributionMode:::::::::::::scanning
2023-02-27 15:24:23.873  INFO 21601 --- [           main] c.ericsson.swgw.da.controller.Listener   : Running DA with distribution method :::scanning mode
]]></system-out>
  </testcase>
  <testcase name="testProcessPayload" classname="com.ericsson.swgw.da.controller.TestControllerApplication" time="7.892"/>
  <testcase name="testScanMode" classname="com.ericsson.swgw.da.controller.TestControllerApplication" time="52.987"/>
</testsuite>